1 10 20
100 200 125
201 210 89
900 1000 174
1 5000 238
500 1000 179
893 983 174
639 10048 262
39000 800000 509
7453 74530 340
10000 100000 351
657830 900000 525
2801 50129 324
123098 134980 344
18347 53948 340
50293 80 324
90 100820 351
900125 918247 476
50 500 144
9500 10000 242
11050 11500 237
40582 100000 351
837799 1000000 525
6501 7500 257
70000 80000 351
51000 52000 309
500 600 137
89023 92835 333
523 120948 354
40 900 179
239 300 123
5091 10948 262
342 260953 443
48 56890 340
85 600012 470
6093 41309 324
65389 250984 443
780 1429 182
800 1600 182
78 92 111
999999 1000000 259
1394 7800 262
237 498 144
7824 9582 260
98345 314980 443
23948 129038 354
256 31498 308
349 634 142
546 9863 262
245 352984 443
5364 5364 73
765 3245 217
64534 254364 443
54 546 144
654 4560 238
54 236 128
78678 436547 449
45 765 171
554 657 145
543 76576 340
534 36634 324
6574 23465 279
675 2345 183
746 4355 238
46 56745 340
235 32 128
564 7456 262
24253 235245 443
647464 802394 504
524 325246 443
53645 435467 449
678 32456 308
657 2546 209
75 35663 324
35 3467 217
3459 5467 238
8023 20068 279
235 67346 340
235465 546377 470
837799 837799 525
900000 900500 370
5430 25486 282
426 2653 209
576 45767 324
76485 245677 443
534 3450 217
7246 32574 308
3245 4673 238
23450 43250 324
500 3204 217
