1 10 20
100 200 125
201 210 89
900 1000 174
1 1 1
0 0 1
0 1 1
1 0 1
1 9999 262
1 99999 351
1 999999 525
999999 1 525
99999 1 351
9999 1 262
24 24 11
90000 30000 351
4 8 17
99 201 125
314 159265 383
999999 999000 396
8 256 128
1 3 8
2 4 8
3 5 8
10 30 112
20 40 112
30 50 110
100 300 128
200 400 144
300 500 144
1000 3000 217
2000 4000 238
3000 5000 238
10000 30000 308
20000 40000 324
30000 50000 324
100000 300000 443
200000 400000 443
300000 500000 449
9967 9973 136
3203 3109 199
70 836 171
13930 14770 271
932 556 179
904 1000 174
12 18 21
3 20 21
13 1885 182
101010 10101 351
1 1000000 525
199 198 120
1024 768 179
1080 1920 182
999999 1000000 259
