20 11 21
112 172 125
900 108 179
592 1296 182
1175 25 182
1728 3060 217
343 3871 238
320 320 12
7371 729 262
7700 5500 262
6776 1936 262
2880 14400 276
5746 13689 276
13524 10780 276
12150 5175 268
17152 25344 282
4913 4335 215
2916 8100 262
3249 1083 217
34400 34800 280
28665 12789 308
29524 45012 324
12696 35972 324
8640 2880 262
40625 40000 275
57460 45292 340
59049 64152 335
36848 73696 340
19343 74849 340
900 44100 324
63426 73036 325
81920 62464 351
10890 106722 354
62424 104040 351
85750 122500 354
28512 107568 354
45177 39701 314
46208 116964 354
123201 112554 349
137600 132800 344
25215 161376 383
3528 28224 308
101695 42527 351
98736 92928 328
125550 32400 354
156584 167164 370
121495 218691 386
48384 27648 324
24010 64827 340
117500 90000 354
244494 31212 443
83824 183872 383
14045 207866 383
186624 17496 383
24200 248050 443
257152 260288 345
71478 146205 375
67280 53824 335
3481 281961 443
122400 140400 344
85583 241865 443
138384 342116 443
377055 345303 441
32768 172032 383
42250 118300 354
17424 191664 383
228939 71824 386
147968 388416 443
219006 142830 386
289100 372400 441
236927 433526 449
57024 269568 443
255792 207831 443
481888 142376 449
545625 337500 470
11552 46208 324
302379 130438 443
109512 407628 443
605377 436870 470
492800 460800 444
209952 209952 81
121032 215168 383
530453 13778 470
557424 127008 470
325125 151725 443
650848 258860 509
461709 529830 470
38720 394944 443
760416 324761 509
8100 648000 509
819819 256711 509
414736 287776 449
553536 640026 509
415292 335768 449
27075 18050 308
175104 516096 470
197589 56454 383
710696 76832 509
735075 343035 509
140000 910000 525
