1 10 20
100 200 125
201 210 89
900 1000 174
999999 1000000 259
1000000 1000000 153
1 1 1
1 2 2
850000 1000000 507
1 1000000 525
300 450 144
123123 654321 509
95 212 125
80000 600001 470
100000 999100 525
834000 834999 344
835000 835999 313
836000 836999 344
837000 837999 525
838000 838999 344
839000 839999 388
840000 840999 357
841000 841999 313
837799 837799 525
837798 837798 132
837800 837800 145
837798 837800 525
1000 2000 182
4000 4999 215
4000 9999 262
1000000 1 525
12 123456 354
1 999999 525
999999 1 525
1 100000 351
100000 200000 383
200000 300000 443
300000 400000 441
400000 500000 449
500000 600000 470
600000 700000 509
700000 800000 504
800000 900000 525
900000 1000000 507
456456 123123 449
290 920 179
777777 666666 504
1000000 500000 525
123456 78910 354
101010 816790 509
475230 512326 470
3 4 8
520 6924 262
44 44 17
5180 72310 340
3432 19503 279
242432 91829 443
77 122310 354
28591 6619 308
121212 343434 443
8920 194290 383
775120 814202 468
682058 118013 509
106802 491057 449
813017 841972 525
913201 980153 507
450 620 142
28 31 107
253901 276082 407
61 712 171
