1 1000000 525
64048 64048 56
333493 433000 449
735486 148435 509
503226 548699 470
22615 163970 383
40863 736861 509
688286 154036 509
485772 331198 449
964568 11080 525
262763 523939 470
272780 203296 443
617079 756510 509
358934 485596 449
116338 812371 509
792219 174193 509
954932 731243 525
87020 981289 525
844748 710905 525
454739 202748 449
284910 765955 509
298997 366690 441
497216 297984 449
877020 401833 525
865281 405001 525
580990 362137 470
428751 143754 449
38853 694967 509
247351 351860 441
572638 497870 470
148099 311073 443
293885 113707 443
937163 419347 525
112751 809601 509
509770 530979 470
787260 651220 504
647426 399011 509
508246 534511 470
940968 138170 525
973941 600335 525
354430 45790 443
872141 720937 525
468937 744582 509
31055 514153 470
259543 351303 441
419046 417147 343
431792 477117 444
579850 816706 509
159689 29218 383
30865 494397 449
768779 894452 525
340044 948904 525
721031 898392 525
45319 634038 509
485393 631521 509
458207 15893 449
811689 853609 525
952572 918942 507
926589 615538 525
183490 864917 525
67190 420563 449
995961 721207 525
279244 429527 449
959467 995010 458
41953 245598 443
474130 882031 525
397046 40325 443
58138 660938 509
294025 922328 525
870482 805144 525
515067 211319 470
643087 340536 509
932897 388263 525
400571 283359 441
952561 681734 525
819826 264091 509
272124 586612 470
95345 810941 509
6050 752236 509
638785 982845 525
722560 169293 509
347318 499729 449
473570 230101 449
16075 481154 449
430650 111885 449
758701 786795 468
584487 792764 509
556070 150442 470
196732 209009 373
371148 336601 441
775793 398191 509
540272 98884 470
881254 337016 525
273075 439987 449
949513 420761 525
136126 628433 509
928592 391524 525
264197 696508 509
452272 336403 449
880558 380439 525
