1 10 20
11 20 21
21 30 112
50 100 119
50 99 119
50 101 119
49 100 119
49 101 119
49 99 119
100 200 125
201 210 89
900 1000 174
1 1 1
1 1000000 525
1 100000 351
100001 200000 383
200001 300000 443
300001 400000 441
400001 500000 449
500001 600000 470
600001 700000 509
700001 800000 504
800001 900000 525
900001 1000000 507
837799 837799 525
201 300 128
250 300 123
200 301 128
201 299 128
1000 2000 182
1001 2000 182
1001 2001 182
1000 1999 182
1001 1999 182
999 2000 182
999 2001 182
10000 20000 279
10001 20000 279
10001 19999 279
15000 20000 279
15001 20000 279
15001 19999 279
599999 700000 509
600001 700000 509
600000 699999 509
600001 699999 509
500000 1000000 525
600000 900000 525
750000 850000 525
750000 837798 468
837800 1000000 507
1 524288 470
1 500000 449
1 400000 443
1 300000 443
1 200000 383
200000 700000 509
300000 700000 509
400000 700000 509
500000 700000 509
990000 1000000 440
980000 1000000 440
950000 1000000 458
925000 1000000 507
1000000 1 525
