1 10 20
100 200 125
201 210 89
900 1000 174
59 72 108
60060 592359 470
30230 30231 91
1 1000000 525
1000000 1 525
1 2 2
1 1 1
1000000 1000000 153
5 25 24
3999 4999 215
39593 395959 443
700000 900000 525
500000 1000000 525
200000 1000000 525
3 4 8
86 82 111
879239 902323 445
162353 726345 509
8 1 17
359488 395848 436
294395 392939 441
593595 794599 509
385392 588585 470
405959 494494 449
395395 1000000 525
3213 434535 449
4323 323253 443
33333 33335 130
20000 23500 269
20000 64545 340
23000 23523 251
89000 93000 333
51253 95930 351
3959 49329 324
39202 395599 443
34993 899999 525
800000 900000 525
203030 203035 117
305094 439959 449
10000 200000 383
100000 200000 383
40000 80000 351
9000 100000 351
30030 303003 443
102002 202020 383
1 1000000 525
2 202020 383
10000 2 262
5 555555 470
8 64 113
64 8 113
200 300 128
500 500000 449
600 600000 470
700 700000 509
800 800000 509
900 900000 525
