1 10 20
100 200 125
201 210 89
900 1000 174
3432 213423 383
14301 998231 525
2 3 8
90123 735249 509
21431 123543 354
8393 879548 525
487998 487998 183
985478 258 525
1000 50000 324
8954 888888 525
123456 456789 449
1 1 1
1000000 1000000 153
111111 222222 386
1 555555 470
686868 454545 509
315 568 144
6450 9988 260
500 2000 182
998 778899 509
989898 121212 525
100 50 119
51 515151 470
465900 500000 426
9785 656843 509
888 777 179
6666 5555 262
300 3000 217
1000 100000 351
999 999999 525
8000 1234 262
34845 346912 443
657555 468905 509
547 919545 525
1 1000000 525
1000000 1 525
321 45 131
225 225225 386
24 505404 449
200000 300000 443
300001 400000 441
400001 500000 449
2000 732123 509
863321 444444 525
234888 444444 449
7474 10000 260
48123 55223 340
98432 92222 328
1234 56789 340
45678 88225 351
522222 333333 470
9889 23232 279
45645 78978 351
12354 36548 324
456456 789789 509
123545 365487 443
