144045 40738 375
881704 710833 525
873766 348998 525
792488 836180 468
470373 58691 449
719460 421894 509
234161 622467 470
794912 812814 468
537370 728063 509
686719 468128 509
260886 183998 443
159369 674911 509
565672 884226 525
536771 562216 452
720874 648290 504
38290 448032 449
361019 333326 441
958392 601198 525
30453 89806 351
781547 892222 525
338254 303428 384
568760 171897 470
250863 276994 407
566478 325445 470
566296 869146 525
801180 433535 509
286184 237136 407
925992 436153 525
282468 191572 443
798802 631158 504
126991 660327 509
245699 304980 407
973196 841937 507
818529 49629 509
742022 183173 509
815907 202665 509
325881 836345 509
849570 384042 525
5363 70941 340
14394 164370 383
870022 633958 525
137508 127373 344
902790 440003 525
35302 332198 443
620922 77273 470
692719 932107 525
5655 619836 470
137319 759114 509
914205 908904 476
458674 477218 444
679349 544660 509
88735 717066 509
192059 9249 383
300616 831890 509
444783 214420 449
235179 24014 443
353429 639580 509
316356 513781 470
951652 490805 525
689473 670292 398
119563 998647 525
422075 251581 449
700707 155798 509
872105 394005 525
481045 984657 525
909803 708011 525
453868 777188 509
799038 286654 509
484944 357220 449
339159 928666 525
412713 668229 509
697099 914486 525
606930 822072 509
183276 34028 383
752709 81749 509
476984 17483 449
650542 480236 509
536630 183679 470
147270 935467 525
470391 333469 449
431063 503011 444
853458 983236 507
141381 227993 386
650188 827790 504
58468 982203 525
800817 481100 509
238115 314639 407
94810 857958 525
305577 996701 525
219246 793926 509
603162 942990 525
560877 271103 470
282296 876854 525
959074 559033 525
325557 516036 470
615807 863252 525
576502 740662 509
173362 946244 525
343399 525421 470
