860555 858685 370
392965 575990 470
137738 666884 509
755956 330903 509
56295 595874 470
292054 419560 449
156022 960174 525
891485 415916 525
291035 433995 449
381721 562580 470
226962 909358 525
759123 168218 509
535454 963499 525
246012 873666 525
60568 459848 449
166758 798394 509
136787 468191 449
874359 957942 507
263934 790654 509
285986 58081 443
518746 408015 470
373132 755874 509
479978 166443 449
120352 297562 443
724817 616844 509
153335 372045 443
66110 286953 443
317540 310402 384
281030 17228 443
792574 413880 509
186402 436687 449
985040 224474 525
557290 936695 525
470977 661744 509
205105 145763 383
971822 12239 525
425796 8164 449
322555 49727 443
855256 91828 525
864242 436205 525
266374 129466 443
785297 581028 509
177187 696509 509
328539 403294 441
475331 925248 525
703434 590322 509
339077 445748 449
307259 558847 470
967472 119359 525
309065 145597 443
939879 65185 525
269809 98393 443
425304 991214 525
535371 564683 452
945136 922108 507
241144 112714 443
687629 122037 509
470314 316987 449
598988 864155 525
645334 117427 509
365590 606620 470
347294 148025 443
84185 697403 509
954010 32034 525
547561 703334 509
296019 265502 407
134452 499843 449
