1 12 20
4 66 113
1000 2000 182
1001 2000 182
2000 1001 182
999 999 50
1 2 2
999 1000 112
1 1000000 525
1000000 1 525
9 1000000 525
999999 1000000 259
1000000 999999 259
500000 1000000 525
400 500 142
600 700 145
888 1000 174
1001 1999 182
1000 1999 182
8888 9999 260
10000 19999 279
20000 30000 308
20000 30001 308
40000 50003 314
23432 4098 279
2048 4098 238
9999 10034 211
8888 11414 268
4234 9870 262
555555 666666 509
666 777 171
69 69 15
80085 8008 351
101 105 88
105 69 119
420 69 144
69 420 144
696969 80085 509
209 2009 182
371 371000 443
373 371 46
373 37300 324
789 999 179
711 79 171
555 911 179
903830 725 525
11111 739 268
888 6769 262
3424 5453 238
45 45353 324
4535 9999 262
1001 10002 262
123132 4444 354
999 873 174
432423 322 449
999 34324 311
1888 2999 217
1010 2999 217
488 3929 238
2323 323 183
999 8288 262
3202 30008 308
238828 8888 443
9232 3239 262
9 9999 262
2366 99 183
324 9932 262
999 392 179
696969 420 509