1 10 20
100 200 125
201 210 89
900 1000 174
482432 886467 525
490890 689815 509
102118 158127 383
202553 490346 449
238021 408989 441
441485 514760 470
476413 747428 509
195761 683304 509
177708 356734 443
296077 741785 509
227208 274198 443
305235 348189 441
465639 564385 470
397026 725557 509
335267 715250 509
245789 563487 470
300369 537047 470
16622 419108 449
309038 544565 470
206631 253689 443
422846 570961 470
136685 552295 470
435482 767927 509
403152 532693 470
27823 243403 443
75248 346630 443
262570 659404 509
314336 542544 470
495580 723293 509
73090 403936 443
124047 442925 449
148543 572959 470
71908 253424 443
343253 724198 509
433394 499629 444
444355 800594 509
214350 295389 443
271848 438031 449
413483 604835 470
295723 753380 509
406931 777901 509
229039 398539 443
284156 343882 389
414059 693794 509
303790 790938 509
110580 538417 470
322378 597852 470
368604 779241 509
473341 701549 509
291581 698316 509
294443 546730 470
262973 271765 407
333325 368146 441
191326 454486 449
226172 713220 509
220816 353918 443
374369 840575 525
318954 477478 449
42283 291647 443
1 1000000 525
837799 837799 525
502441 502441 333
477478 318954 449
291647 42283 443
886467 482432 525
689815 490890 509
158127 102118 383
