1 10 20
100 200 125
201 210 89
900 1000 174
1 100 119
1 1000 179
1 10000 262
1 100000 351
500 6000 238
10001 10010 180
100000 500000 449
400000 900000 525
10 10 7
10 1 20
16807 474967 449
648451 942674 525
107786 210802 383
27443 849421 525
776465 235702 509
563617 437050 470
482708 242968 449
807873 521366 509
280886 531713 470
378017 542469 470
543407 831695 509
816445 95159 509
127743 569802 470
492902 278874 449
350923 793830 509
897143 806190 525
612949 929166 525
722230 876929 525
579621 377525 470
234451 558037 470
511437 8562 449
899842 817719 525
124086 91589 354
423872 892192 525
639609 185420 509
33355 920128 525
616198 357354 470
514897 571133 452
787080 700269 504
507578 60773 449
725780 453583 509
727441 117339 509
795683 805793 468
540406 847214 525
306193 374775 441
259223 938157 525
28040 406051 443
622728 388817 470
737043 554429 509
337790 15 443
722338 219825 509
75595 445023 449
544653 932844 525
28524 808847 509
317305 192390 443
781688 820466 468
798752 245780 509
405483 729750 509
935832 128530 525
353860 52252 443
850348 843893 419
783255 955446 525
110807 618131 470
151454 982327 525
721147 476834 509
619558 944625 525
958555 842263 507
852294 264490 525
97799 879943 525
826434 90132 509
