1 10 20
100 200 125
201 210 89
900 1000 174
1 1000000 525
1 9999 262
10000 19999 279
50000 59999 340
10000 100000 351
699998 800001 504
999999 1000000 259
100000 199999 383
200000 299999 443
400000 599999 470
1 1 1
1000000 1000000 153
2 4 8
16666 888899 525
100 11000 268
256 256 9
128 128 8
400999 600000 470
1 10000 262
90000 100000 333
800001 899999 525
888888 999999 507
49999 50001 128
8500 120000 354
69999 70001 144
99 101 26
350001 350004 167
300000 400000 441
300000 349999 441
60000 69999 335
2 2 2
4 4 3
6 10 20
10 6 20
70000 79999 351
79999 70000 351
210000 219999 386
210000 220000 386
220000 229999 368
229999 300001 443
48 248 128
1 999999 525
9999 999999 525
250000 259999 363
258700 260000 345
9999 29999 308
3 79 116
500000 509999 426
510000 519999 470
520000 529999 408
543 899 179
9000 9002 141
1024 1024 11
500000 1000000 525
500009 999991 525
6000 7000 262
