500 1 144
10 9 20
9 9 20
8 9 20
999999 999999 259
1 2 2
1 1000 179
555 456 142
800000 999999 525
4862 9731 262
10000 40000 324
78952 85123 320
78912 32145 351
1234 5678 238
9001 18002 279
9999 9999 92
1 999999 525
1 10 20
10 100 119
100 1000 179
1000 10000 262
10000 100000 351
100000 999999 525
999999 100000 525
100000 10000 351
10000 1000 262
1000 100 179
100 10 119
10 1 20
314159 265358 407
979323 846264 507
338327 950288 525
141421 356237 443
75369 15963 340
47896 41236 314
456852 258654 449
123456 789101 509
121314 151617 375
181920 304050 443
1 2 2
2 4 8
4 8 17
8 16 20
16 32 112
32 64 113
64 128 119
128 256 128
256 512 144
512 1024 179
1024 2048 182
2048 4096 238
4096 8192 262
8192 16384 276
16384 32768 308
32768 65536 340
65536 131072 354
131072 262144 443
262144 524288 470
524288 999999 525
