1 10 20
10 10 7
100 200 125
201 210 89
200 300 128
300 400 144
400 500 142
500 600 137
700 800 171
800 900 179
900 1000 174
1 1 1
1000000 1000000 153
1 1000000 525
1000000 1 525
166902 992873 525
61910 491241 449
422668 573357 470
70413 244559 443
503929 761601 509
874286 730606 525
133157 940385 525
952152 32968 525
527566 172170 470
588041 922782 525
429052 582338 470
376995 929178 525
317210 337259 384
763439 26669 509
276436 591840 470
895846 366251 525
93056 87012 333
313524 719076 509
710645 30021 509
36480 415214 449
283829 257553 407
153758 388980 443
186767 225152 386
13659 224524 386
663490 610749 509
360963 198235 443
351789 115169 443
838 578962 470
349040 399275 436
668052 221695 509
933684 37327 525
374110 682181 509
919439 668399 525
592979 876421 525
784672 133253 509
997243 382883 525
413492 926112 525
180938 610073 470
555001 350307 470
85576 672111 509
588419 590769 359
166022 490170 449
289876 877776 525
565239 390893 470
548775 522367 452
529652 425680 470
58360 680785 509
679872 491457 509
322474 69178 443
581892 603208 434
6000000 7000000 665
5068040 6204856 613
