2345 5122 238
12222 239900 443
500 1500 182
2500 7880 262
750 173133 383
1 100 119
101 200 125
201 300 128
301 400 144
401 500 142
501 600 137
601 700 145
701 800 171
801 900 179
901 1000 174
1001 2000 182
2001 3000 217
3001 4000 238
4001 5000 215
5001 6000 236
6001 7000 262
7001 8000 252
8001 9000 247
9001 10000 260
10001 20000 279
20001 30000 308
30001 40000 324
40001 50000 314
50001 60000 340
60001 70000 335
70001 80000 351
80001 90000 333
90001 100000 333
100001 200000 383
200001 300000 443
300001 400000 441
400001 500000 449
500001 600000 470
600001 700000 509
700001 800000 504
800001 900000 525
900001 1000000 507
1 1000000 525
837799 837799 525
77031 77031 351
6171 6171 262
871 871 179
97 97 119
9 9 20
1 1 1
1000000 1000000 153
200 100 125
4759 4758 78
173133 750 383
100 200 125
4758 4759 78
1234 1234 133
5 5 6
10 10 7
20 20 8
40 40 9
2 2 2
4 4 3
8 8 4
16 16 5
32 32 6
64 64 7
