1 10 20
100 200 125
201 210 89
900 1000 174
999999 1000000 259
1000000 1000000 153
1 1 1
1 2 2
850000 1000000 507
1 1000000 525
300 450 144
123123 654321 509
95 212 125
13930 14770 271
932 556 179
904 1000 174
12 18 21
3 20 21
13 1885 182
101010 10101 351
1 1000000 525
199 198 120
1024 768 179
1080 1920 182
999999 1000000 259
313524 719076 509
710645 30021 509
36480 415214 449
283829 257553 407
153758 388980 443
186767 225152 386
13659 224524 386
663490 610749 509
360963 198235 443
351789 115169 443
838 578962 470
349040 399275 436
668052 221695 509
933684 37327 525
374110 682181 509
919439 668399 525
592979 876421 525
784672 133253 509
997243 382883 525
413492 926112 525
