1 10 20 
100 200 125
201 210 89
900 1000 174
54485 98054 351
8777 31751 308
10717 32425 308
21891 50997 324
30699 32736 285
10679 10991 268
18574 18949 261
19695 14926 279
19695 24926 282
16518 27775 308
771 16306 276
13014 11361 263
21086 8853 279
1402 98983 351
131 18572 279
12 13131 268
45025 49000 314
29585 60000 340
14234 79999 351
150000 22222 375
150000 222222 386
387423 879221 525
18035 22222 274
34098 27461 285
13227 89292 351
38291 99281 351
10101 22222 279
78092 10329 351
19829 393021 443
1 1000000 525
30004 809321 509
500000 778211 509
352011 900021 525
678912 879921 525
203791 278491 443
57392 789234 509
12938 79124 351
1821 5922 238
3999 4002 189
1823 7989 262
10293 89233 351
99082 101010 341
28192 33328 285
12 700 145
65000 65555 268
78919 90002 333
700000 900000 525
700000 800000 504
800000 900000 525
