1 10 20
100 200 125
201 210 89
900 1000 174
1 1 1
1 2 2
1 4 8
5 6 9
7 8 17
8 17 20
18 24 21
25 26 24
27 44 112
44 60 113
61 80 116
81 120 119
121 160 122
161 200 125
201 300 128
301 320 131
321 600 144
601 700 145
701 850 171
851 1100 179
1101 2000 182
2001 2400 183
2401 2900 209
2901 3700 217
3701 6000 238
6001 10000 262
10001 13000 268
13001 17000 276
17001 23000 279
23001 26000 282
26001 33000 308
33001 35500 311
35501 50000 324
50001 70000 340
70001 100000 351
100001 140000 354
140001 150000 375
150001 200000 383
200001 230000 386
230001 400000 443
400001 500000 449
500001 600000 470
600001 700000 509
700001 900000 525
10 17 18
2 2 2
900000 999999 507
20 24 16
1000 10000 262
3000 7000 262
999999 1 525
