69 370559 443
1 10 20
100 200 125
201 210 89
900 1000 174
91 887090 525
39 895 179
43 76849 340
9 96 116
69 776466 509
65 814583 509
51 915029 525
75 2422 183
6 3533 217
18 695 145
16 881888 525
81 66146 340
81 2459 183
99 769360 509
18 83367 351
65 26762 308
20 75716 340
42 70695 340
17 57475 340
1 1000000 525
42 92521 351
86 9763 262
62 75341 340
62 35562 311
96 51689 324
86 30109 308
57 183209 383
84 259706 443
69 999420 525
17 10868 262
8008 904307 525
4102 26213 282
611 714446 509
7296 583277 470
600 919554 525
7447 729646 509
1677 789643 509
91 825677 509
2299 836606 509
640 74096 340
3586 308252 443
5461 60259 340
617 3149 217
7086 55814 340
5984 555879 470
3026 22379 279
9786 75094 340
92 400 144
2025 64397 340
4439 717426 509
4728 830950 509
5523 710108 509
3076 879754 525
5797 68567 340
5367 177501 383
3224 607938 470
8155 208967 383
4101 779707 509
3386 268247 443
7910 727670 509
2891 655969 509
9897 9909 242
114 981 179
111359 941599 525
404616 661422 509
917271 934970 476
366741 496680 449
522102 895941 525
788408 956107 525
881545 936808 476
146508 584261 470
331786 529529 470
236158 897357 525
709535 943989 525
613427 882654 525
135267 321486 443
741086 832918 468
301 35474 311
603028 852015 525
8998 918074 525
457913 638422 509
9940 999374 525
824716 892502 525
77824 864773 525
85045 862074 525
69605 801233 509
88491 935413 525
40216 638929 509
4730 5785 236
375546 633023 509
266901 777373 509
269727 284351 407
