1 10 20
927 976 174
996 1000 112
762 818 153
408 996 179
805 815 135
681 830 171
273 749 171
597 917 179
355 516 142
755 871 179
970 991 143
776 955 179
966 975 143
217 877 179
980 994 143
810 870 148
934 995 174
405 530 142
351 369 126
31 409 144
12 870 171
652 922 179
878 953 174
338 389 126
909 972 174
83 489 144
302 609 144
645 830 171
188 563 144
332 820 171
297469 317195 384
624271 849048 525
664747 911583 525
683311 721732 504
763987 810484 468
41779 386146 443
834298 954966 525
824409 891945 525
578083 610985 434
598471 720523 509
676206 978038 525
55871 187577 383
220955 848228 525
971761 978834 383
51435 978305 525
927659 966217 507
341095 616674 470
4268 400881 443
893114 911312 476
713110 940141 525
261433 304224 407
769025 996649 525
214724 875777 525
733356 926915 525
806596 852600 525
522702 645680 509
909971 946612 507
774603 816795 468
943548 961946 414
731906 792082 468
362647 529575 470
774723 785545 437
166359 985263 525
737182 981940 525
780319 889490 525
225174 464032 449
518734 628535 509
794485 838110 525
825948 854487 525
24953 197030 383
1 1000000 525
