1 10 20
100 200 125
201 210 89
900 1000 174
1 1000000 525
1 1 1
1000000 1000000 153
10 1 20
200 100 125
1000000 1 525
800000 1000000 525
600000 800000 509
400000 600000 470
200000 400000 443
1 200000 383
758231 812254 468
164901 350025 443
644771 697210 442
580127 754650 509
490324 678480 509
153241 162186 383
557131 745166 509
717204 744626 424
548093 784700 509
435264 754784 509
762937 780933 468
555403 652652 509
340962 640506 509
609780 726000 509
237545 495555 449
701383 778631 504
135902 525561 470
575309 829930 509
733663 770741 468
615311 660475 509
122567 255316 443
137265 190986 383
765004 820973 468
625854 812117 509
135218 440844 449
216791 622859 470
404147 507889 449
73517 424844 449
117359 159470 383
378214 627294 509
3214 57102 340
5903 68543 340
1679 66537 340
17389 71043 340
34892 66780 340
36416 60026 340
41228 51820 314
841 11517 268
17894 42189 324
7758 84766 351
